  first.cpp
first.obj : error LNK2019: unresolved external symbol _clGetPlatformIDs@12 referenced in function _main
first.obj : error LNK2019: unresolved external symbol _clGetDeviceIDs@24 referenced in function _main
first.obj : error LNK2019: unresolved external symbol _clCreateContext@24 referenced in function _main
first.obj : error LNK2019: unresolved external symbol _clCreateCommandQueue@20 referenced in function _main
first.obj : error LNK2019: unresolved external symbol _clReleaseCommandQueue@4 referenced in function _main
first.obj : error LNK2019: unresolved external symbol _clCreateBuffer@24 referenced in function _main
first.obj : error LNK2019: unresolved external symbol _clReleaseMemObject@4 referenced in function _main
first.obj : error LNK2019: unresolved external symbol _clCreateProgramWithSource@20 referenced in function _main
first.obj : error LNK2019: unresolved external symbol _clReleaseProgram@4 referenced in function _main
first.obj : error LNK2019: unresolved external symbol _clBuildProgram@24 referenced in function _main
first.obj : error LNK2019: unresolved external symbol _clGetProgramBuildInfo@24 referenced in function _main
first.obj : error LNK2019: unresolved external symbol _clCreateKernel@12 referenced in function _main
first.obj : error LNK2019: unresolved external symbol _clReleaseKernel@4 referenced in function _main
first.obj : error LNK2019: unresolved external symbol _clSetKernelArg@16 referenced in function _main
first.obj : error LNK2019: unresolved external symbol _clWaitForEvents@8 referenced in function "void __cdecl Wait(struct _cl_command_queue *)" (?Wait@@YAXPAU_cl_command_queue@@@Z)
first.obj : error LNK2019: unresolved external symbol _clEnqueueReadBuffer@36 referenced in function _main
first.obj : error LNK2019: unresolved external symbol _clEnqueueWriteBuffer@36 referenced in function _main
first.obj : error LNK2019: unresolved external symbol _clEnqueueNDRangeKernel@36 referenced in function _main
first.obj : error LNK2019: unresolved external symbol _clEnqueueMarker@8 referenced in function "void __cdecl Wait(struct _cl_command_queue *)" (?Wait@@YAXPAU_cl_command_queue@@@Z)
OpenCL64.lib : warning LNK4272: library machine type 'x64' conflicts with target machine type 'X86'
C:\Users\Alston\Desktop\CS475\Project 6\Debug\Project 6.exe : fatal error LNK1120: 19 unresolved externals
